Compiling the CXX compiler identification source file "CMakeCXXCompilerId.cpp" failed.
Compiler: /usr/local/Cellar/gcc/11.2.0/bin/g++-11 
Build flags: -stdlib=libc++
Id flags:  

The output was:
1
g++-11: error: unrecognized command-line option '-stdlib=libc++'


Compiling the CXX compiler identification source file "CMakeCXXCompilerId.cpp" failed.
Compiler: /usr/local/Cellar/gcc/11.2.0/bin/g++-11 
Build flags: -stdlib=libc++
Id flags: -c 

The output was:
1
g++-11: error: unrecognized command-line option '-stdlib=libc++'


Compiling the CXX compiler identification source file "CMakeCXXCompilerId.cpp" failed.
Compiler: /usr/local/Cellar/gcc/11.2.0/bin/g++-11 
Build flags: -stdlib=libc++
Id flags: --c++ 

The output was:
1
g++-11: error: unrecognized command-line option '-stdlib=libc++'
g++-11: error: unrecognized command-line option '--c++'


Compiling the CXX compiler identification source file "CMakeCXXCompilerId.cpp" failed.
Compiler: /usr/local/Cellar/gcc/11.2.0/bin/g++-11 
Build flags: -stdlib=libc++
Id flags: --ec++ 

The output was:
1
g++-11: error: unrecognized command-line option '-stdlib=libc++'
g++-11: error: unrecognized command-line option '--ec++'; did you mean '-Weffc++'?


Compiling the CXX compiler identification source file "CMakeCXXCompilerId.cpp" failed.
Compiler: /usr/local/Cellar/gcc/11.2.0/bin/g++-11 
Build flags: -stdlib=libc++
Id flags: --target=arm-arm-none-eabi;-mcpu=cortex-m3 

The output was:
1
g++-11: warning: '-mcpu=' is deprecated; use '-mtune=' or '-march=' instead
g++-11: error: unrecognized command-line option '-stdlib=libc++'
g++-11: error: unrecognized command-line option '--target=arm-arm-none-eabi'


Compiling the CXX compiler identification source file "CMakeCXXCompilerId.cpp" failed.
Compiler: /usr/local/Cellar/gcc/11.2.0/bin/g++-11 
Build flags: -stdlib=libc++
Id flags: -c;-I__does_not_exist__ 

The output was:
1
g++-11: error: unrecognized command-line option '-stdlib=libc++'


